{"C:\\Users\\USER\\Desktop\\CODE RENDERS\\QT\\url-shortener-backend\\config\\config.js": {"path":"C:\\Users\\USER\\Desktop\\CODE RENDERS\\QT\\url-shortener-backend\\config\\config.js","statementMap":{"0":{"start":{"line":1,"column":0},"end":{"line":1,"column":26}},"1":{"start":{"line":11,"column":5},"end":{"line":11,"column":16}},"2":{"start":{"line":13,"column":0},"end":{"line":37,"column":1}}},"fnMap":{},"branchMap":{},"s":{"0":1,"1":1,"2":1},"f":{},"b":{},"_coverageSchema":"1a1c01bbd47fc00a2c39e90264f33305004495a9","hash":"44b8f579b722fc735680091562e7e3fce7824e21"}
,"C:\\Users\\USER\\Desktop\\CODE RENDERS\\QT\\url-shortener-backend\\models\\analytics.js": {"path":"C:\\Users\\USER\\Desktop\\CODE RENDERS\\QT\\url-shortener-backend\\models\\analytics.js","statementMap":{"0":{"start":{"line":2,"column":18},"end":{"line":2,"column":38}},"1":{"start":{"line":3,"column":0},"end":{"line":51,"column":2}},"2":{"start":{"line":6,"column":6},"end":{"line":6,"column":62}},"3":{"start":{"line":9,"column":2},"end":{"line":49,"column":4}},"4":{"start":{"line":50,"column":2},"end":{"line":50,"column":19}}},"fnMap":{"0":{"name":"(anonymous_0)","decl":{"start":{"line":3,"column":17},"end":{"line":3,"column":18}},"loc":{"start":{"line":3,"column":43},"end":{"line":51,"column":1}},"line":3},"1":{"name":"(anonymous_1)","decl":{"start":{"line":5,"column":4},"end":{"line":5,"column":5}},"loc":{"start":{"line":5,"column":30},"end":{"line":7,"column":5}},"line":5}},"branchMap":{},"s":{"0":1,"1":1,"2":1,"3":1,"4":1},"f":{"0":1,"1":1},"b":{},"_coverageSchema":"1a1c01bbd47fc00a2c39e90264f33305004495a9","hash":"2090cce304b95e5ed6de0deb6e8107b6350a0347"}
,"C:\\Users\\USER\\Desktop\\CODE RENDERS\\QT\\url-shortener-backend\\models\\index.js": {"path":"C:\\Users\\USER\\Desktop\\CODE RENDERS\\QT\\url-shortener-backend\\models\\index.js","statementMap":{"0":{"start":{"line":3,"column":11},"end":{"line":3,"column":24}},"1":{"start":{"line":4,"column":13},"end":{"line":4,"column":28}},"2":{"start":{"line":5,"column":18},"end":{"line":5,"column":38}},"3":{"start":{"line":6,"column":16},"end":{"line":6,"column":34}},"4":{"start":{"line":7,"column":17},"end":{"line":7,"column":42}},"5":{"start":{"line":8,"column":12},"end":{"line":8,"column":49}},"6":{"start":{"line":9,"column":15},"end":{"line":9,"column":63}},"7":{"start":{"line":10,"column":11},"end":{"line":10,"column":13}},"8":{"start":{"line":13,"column":0},"end":{"line":17,"column":1}},"9":{"start":{"line":14,"column":2},"end":{"line":14,"column":74}},"10":{"start":{"line":16,"column":2},"end":{"line":16,"column":87}},"11":{"start":{"line":19,"column":0},"end":{"line":32,"column":5}},"12":{"start":{"line":22,"column":4},"end":{"line":27,"column":6}},"13":{"start":{"line":30,"column":18},"end":{"line":30,"column":85}},"14":{"start":{"line":31,"column":4},"end":{"line":31,"column":27}},"15":{"start":{"line":34,"column":0},"end":{"line":38,"column":3}},"16":{"start":{"line":35,"column":2},"end":{"line":37,"column":3}},"17":{"start":{"line":36,"column":4},"end":{"line":36,"column":32}},"18":{"start":{"line":40,"column":0},"end":{"line":40,"column":25}},"19":{"start":{"line":41,"column":0},"end":{"line":41,"column":25}},"20":{"start":{"line":43,"column":0},"end":{"line":43,"column":20}}},"fnMap":{"0":{"name":"(anonymous_0)","decl":{"start":{"line":21,"column":10},"end":{"line":21,"column":11}},"loc":{"start":{"line":21,"column":18},"end":{"line":28,"column":3}},"line":21},"1":{"name":"(anonymous_1)","decl":{"start":{"line":29,"column":11},"end":{"line":29,"column":12}},"loc":{"start":{"line":29,"column":19},"end":{"line":32,"column":3}},"line":29},"2":{"name":"(anonymous_2)","decl":{"start":{"line":34,"column":24},"end":{"line":34,"column":25}},"loc":{"start":{"line":34,"column":37},"end":{"line":38,"column":1}},"line":34}},"branchMap":{"0":{"loc":{"start":{"line":8,"column":12},"end":{"line":8,"column":49}},"type":"binary-expr","locations":[{"start":{"line":8,"column":12},"end":{"line":8,"column":32}},{"start":{"line":8,"column":36},"end":{"line":8,"column":49}}],"line":8},"1":{"loc":{"start":{"line":13,"column":0},"end":{"line":17,"column":1}},"type":"if","locations":[{"start":{"line":13,"column":0},"end":{"line":17,"column":1}},{"start":{"line":15,"column":7},"end":{"line":17,"column":1}}],"line":13},"2":{"loc":{"start":{"line":23,"column":6},"end":{"line":26,"column":37}},"type":"binary-expr","locations":[{"start":{"line":23,"column":6},"end":{"line":23,"column":29}},{"start":{"line":24,"column":6},"end":{"line":24,"column":23}},{"start":{"line":25,"column":6},"end":{"line":25,"column":30}},{"start":{"line":26,"column":6},"end":{"line":26,"column":37}}],"line":23},"3":{"loc":{"start":{"line":35,"column":2},"end":{"line":37,"column":3}},"type":"if","locations":[{"start":{"line":35,"column":2},"end":{"line":37,"column":3}},{"start":{},"end":{}}],"line":35}},"s":{"0":1,"1":1,"2":1,"3":1,"4":1,"5":1,"6":1,"7":1,"8":1,"9":0,"10":1,"11":1,"12":4,"13":3,"14":3,"15":1,"16":3,"17":3,"18":1,"19":1,"20":1},"f":{"0":4,"1":3,"2":3},"b":{"0":[1,0],"1":[0,1],"2":[4,4,3,3],"3":[3,0]},"_coverageSchema":"1a1c01bbd47fc00a2c39e90264f33305004495a9","hash":"caaa943fbe5720fd5490d7c119cacb5790bef38c"}
,"C:\\Users\\USER\\Desktop\\CODE RENDERS\\QT\\url-shortener-backend\\models\\url.js": {"path":"C:\\Users\\USER\\Desktop\\CODE RENDERS\\QT\\url-shortener-backend\\models\\url.js","statementMap":{"0":{"start":{"line":2,"column":18},"end":{"line":2,"column":38}},"1":{"start":{"line":3,"column":0},"end":{"line":65,"column":2}},"2":{"start":{"line":6,"column":6},"end":{"line":6,"column":66}},"3":{"start":{"line":7,"column":6},"end":{"line":7,"column":68}},"4":{"start":{"line":10,"column":2},"end":{"line":63,"column":4}},"5":{"start":{"line":64,"column":2},"end":{"line":64,"column":13}}},"fnMap":{"0":{"name":"(anonymous_0)","decl":{"start":{"line":3,"column":17},"end":{"line":3,"column":18}},"loc":{"start":{"line":3,"column":43},"end":{"line":65,"column":1}},"line":3},"1":{"name":"(anonymous_1)","decl":{"start":{"line":5,"column":4},"end":{"line":5,"column":5}},"loc":{"start":{"line":5,"column":42},"end":{"line":8,"column":5}},"line":5}},"branchMap":{},"s":{"0":1,"1":1,"2":1,"3":1,"4":1,"5":1},"f":{"0":1,"1":1},"b":{},"_coverageSchema":"1a1c01bbd47fc00a2c39e90264f33305004495a9","hash":"3da98d0e0bf97b79e41936e81a3bd03523b2daf1"}
,"C:\\Users\\USER\\Desktop\\CODE RENDERS\\QT\\url-shortener-backend\\models\\user.js": {"path":"C:\\Users\\USER\\Desktop\\CODE RENDERS\\QT\\url-shortener-backend\\models\\user.js","statementMap":{"0":{"start":{"line":2,"column":18},"end":{"line":2,"column":38}},"1":{"start":{"line":3,"column":0},"end":{"line":48,"column":2}},"2":{"start":{"line":6,"column":6},"end":{"line":6,"column":56}},"3":{"start":{"line":9,"column":2},"end":{"line":46,"column":4}},"4":{"start":{"line":47,"column":2},"end":{"line":47,"column":14}}},"fnMap":{"0":{"name":"(anonymous_0)","decl":{"start":{"line":3,"column":17},"end":{"line":3,"column":18}},"loc":{"start":{"line":3,"column":43},"end":{"line":48,"column":1}},"line":3},"1":{"name":"(anonymous_1)","decl":{"start":{"line":5,"column":4},"end":{"line":5,"column":5}},"loc":{"start":{"line":5,"column":28},"end":{"line":7,"column":5}},"line":5}},"branchMap":{},"s":{"0":1,"1":1,"2":1,"3":1,"4":1},"f":{"0":1,"1":1},"b":{},"_coverageSchema":"1a1c01bbd47fc00a2c39e90264f33305004495a9","hash":"e4c2cad55725c2d794b206b0f6a4de654d566917"}
,"C:\\Users\\USER\\Desktop\\CODE RENDERS\\QT\\url-shortener-backend\\src\\app.js": {"path":"C:\\Users\\USER\\Desktop\\CODE RENDERS\\QT\\url-shortener-backend\\src\\app.js","statementMap":{"0":{"start":{"line":1,"column":16},"end":{"line":1,"column":34}},"1":{"start":{"line":2,"column":15},"end":{"line":2,"column":32}},"2":{"start":{"line":3,"column":13},"end":{"line":3,"column":28}},"3":{"start":{"line":4,"column":21},"end":{"line":4,"column":45}},"4":{"start":{"line":6,"column":27},"end":{"line":6,"column":71}},"5":{"start":{"line":7,"column":0},"end":{"line":7,"column":27}},"6":{"start":{"line":9,"column":19},"end":{"line":9,"column":57}},"7":{"start":{"line":10,"column":18},"end":{"line":10,"column":54}},"8":{"start":{"line":11,"column":17},"end":{"line":11,"column":44}},"9":{"start":{"line":12,"column":27},"end":{"line":12,"column":51}},"10":{"start":{"line":14,"column":12},"end":{"line":14,"column":21}},"11":{"start":{"line":16,"column":20},"end":{"line":21,"column":1}},"12":{"start":{"line":23,"column":0},"end":{"line":23,"column":27}},"13":{"start":{"line":25,"column":0},"end":{"line":25,"column":24}},"14":{"start":{"line":27,"column":0},"end":{"line":27,"column":40}},"15":{"start":{"line":29,"column":0},"end":{"line":29,"column":23}},"16":{"start":{"line":31,"column":0},"end":{"line":37,"column":3}},"17":{"start":{"line":33,"column":20},"end":{"line":33,"column":35}},"18":{"start":{"line":34,"column":2},"end":{"line":34,"column":120}},"19":{"start":{"line":35,"column":2},"end":{"line":35,"column":37}},"20":{"start":{"line":39,"column":0},"end":{"line":44,"column":3}},"21":{"start":{"line":40,"column":2},"end":{"line":43,"column":5}},"22":{"start":{"line":47,"column":0},"end":{"line":47,"column":37}},"23":{"start":{"line":48,"column":0},"end":{"line":48,"column":33}},"24":{"start":{"line":50,"column":0},"end":{"line":52,"column":3}},"25":{"start":{"line":51,"column":2},"end":{"line":51,"column":76}},"26":{"start":{"line":54,"column":0},"end":{"line":54,"column":28}},"27":{"start":{"line":56,"column":0},"end":{"line":56,"column":21}}},"fnMap":{"0":{"name":"(anonymous_0)","decl":{"start":{"line":31,"column":40},"end":{"line":31,"column":41}},"loc":{"start":{"line":31,"column":54},"end":{"line":37,"column":1}},"line":31},"1":{"name":"(anonymous_1)","decl":{"start":{"line":39,"column":13},"end":{"line":39,"column":14}},"loc":{"start":{"line":39,"column":27},"end":{"line":44,"column":1}},"line":39},"2":{"name":"(anonymous_2)","decl":{"start":{"line":50,"column":13},"end":{"line":50,"column":14}},"loc":{"start":{"line":50,"column":33},"end":{"line":52,"column":1}},"line":50}},"branchMap":{},"s":{"0":1,"1":1,"2":1,"3":1,"4":1,"5":1,"6":1,"7":1,"8":1,"9":1,"10":1,"11":1,"12":1,"13":1,"14":1,"15":1,"16":1,"17":1,"18":1,"19":1,"20":1,"21":0,"22":1,"23":1,"24":1,"25":0,"26":1,"27":1},"f":{"0":1,"1":0,"2":0},"b":{},"_coverageSchema":"1a1c01bbd47fc00a2c39e90264f33305004495a9","hash":"3f83c2ddb0ce5d1371f2d25220741c0da7ccb854"}
,"C:\\Users\\USER\\Desktop\\CODE RENDERS\\QT\\url-shortener-backend\\src\\errorController\\errorController.js": {"path":"C:\\Users\\USER\\Desktop\\CODE RENDERS\\QT\\url-shortener-backend\\src\\errorController\\errorController.js","statementMap":{"0":{"start":{"line":1,"column":0},"end":{"line":11,"column":1}},"1":{"start":{"line":2,"column":4},"end":{"line":3,"column":47}},"2":{"start":{"line":2,"column":45},"end":{"line":2,"column":65}},"3":{"start":{"line":3,"column":9},"end":{"line":3,"column":47}},"4":{"start":{"line":4,"column":4},"end":{"line":4,"column":38}},"5":{"start":{"line":5,"column":4},"end":{"line":10,"column":6}}},"fnMap":{"0":{"name":"(anonymous_0)","decl":{"start":{"line":1,"column":17},"end":{"line":1,"column":18}},"loc":{"start":{"line":1,"column":42},"end":{"line":11,"column":1}},"line":1}},"branchMap":{"0":{"loc":{"start":{"line":2,"column":4},"end":{"line":3,"column":47}},"type":"if","locations":[{"start":{"line":2,"column":4},"end":{"line":3,"column":47}},{"start":{"line":3,"column":9},"end":{"line":3,"column":47}}],"line":2},"1":{"loc":{"start":{"line":3,"column":26},"end":{"line":3,"column":47}},"type":"binary-expr","locations":[{"start":{"line":3,"column":26},"end":{"line":3,"column":40}},{"start":{"line":3,"column":44},"end":{"line":3,"column":47}}],"line":3},"2":{"loc":{"start":{"line":4,"column":17},"end":{"line":4,"column":38}},"type":"binary-expr","locations":[{"start":{"line":4,"column":17},"end":{"line":4,"column":27}},{"start":{"line":4,"column":31},"end":{"line":4,"column":38}}],"line":4}},"s":{"0":1,"1":0,"2":0,"3":0,"4":0,"5":0},"f":{"0":0},"b":{"0":[0,0],"1":[0,0],"2":[0,0]},"_coverageSchema":"1a1c01bbd47fc00a2c39e90264f33305004495a9","hash":"078c3b60028ffc2f3f0d31a217f31a5c0875f820"}
,"C:\\Users\\USER\\Desktop\\CODE RENDERS\\QT\\url-shortener-backend\\src\\middlewares\\index.js": {"path":"C:\\Users\\USER\\Desktop\\CODE RENDERS\\QT\\url-shortener-backend\\src\\middlewares\\index.js","statementMap":{"0":{"start":{"line":1,"column":17},"end":{"line":1,"column":42}},"1":{"start":{"line":2,"column":12},"end":{"line":2,"column":35}},"2":{"start":{"line":3,"column":22},"end":{"line":3,"column":37}},"3":{"start":{"line":4,"column":19},"end":{"line":4,"column":49}},"4":{"start":{"line":5,"column":17},"end":{"line":5,"column":45}},"5":{"start":{"line":6,"column":13},"end":{"line":6,"column":29}},"6":{"start":{"line":9,"column":0},"end":{"line":9,"column":27}},"7":{"start":{"line":11,"column":18},"end":{"line":42,"column":2}},"8":{"start":{"line":13,"column":21},"end":{"line":13,"column":49}},"9":{"start":{"line":15,"column":2},"end":{"line":15,"column":73}},"10":{"start":{"line":15,"column":19},"end":{"line":15,"column":73}},"11":{"start":{"line":17,"column":16},"end":{"line":17,"column":40}},"12":{"start":{"line":19,"column":2},"end":{"line":21,"column":3}},"13":{"start":{"line":20,"column":4},"end":{"line":20,"column":58}},"14":{"start":{"line":23,"column":18},"end":{"line":23,"column":77}},"15":{"start":{"line":25,"column":2},"end":{"line":27,"column":3}},"16":{"start":{"line":26,"column":4},"end":{"line":26,"column":58}},"17":{"start":{"line":29,"column":20},"end":{"line":33,"column":4}},"18":{"start":{"line":35,"column":2},"end":{"line":37,"column":3}},"19":{"start":{"line":36,"column":4},"end":{"line":36,"column":58}},"20":{"start":{"line":39,"column":2},"end":{"line":39,"column":23}},"21":{"start":{"line":41,"column":2},"end":{"line":41,"column":9}},"22":{"start":{"line":44,"column":21},"end":{"line":65,"column":4}},"23":{"start":{"line":44,"column":33},"end":{"line":65,"column":4}},"24":{"start":{"line":46,"column":36},"end":{"line":46,"column":39}},"25":{"start":{"line":48,"column":22},"end":{"line":48,"column":71}},"26":{"start":{"line":50,"column":4},"end":{"line":62,"column":5}},"27":{"start":{"line":52,"column":41},"end":{"line":52,"column":46}},"28":{"start":{"line":54,"column":24},"end":{"line":54,"column":30}},"29":{"start":{"line":56,"column":6},"end":{"line":60,"column":9}},"30":{"start":{"line":64,"column":4},"end":{"line":64,"column":11}},"31":{"start":{"line":68,"column":25},"end":{"line":75,"column":4}},"32":{"start":{"line":78,"column":25},"end":{"line":94,"column":4}},"33":{"start":{"line":80,"column":32},"end":{"line":80,"column":52}},"34":{"start":{"line":82,"column":32},"end":{"line":82,"column":59}},"35":{"start":{"line":84,"column":4},"end":{"line":86,"column":5}},"36":{"start":{"line":85,"column":6},"end":{"line":85,"column":87}},"37":{"start":{"line":88,"column":4},"end":{"line":90,"column":5}},"38":{"start":{"line":89,"column":6},"end":{"line":89,"column":53}},"39":{"start":{"line":92,"column":4},"end":{"line":92,"column":10}},"40":{"start":{"line":97,"column":0},"end":{"line":97,"column":74}}},"fnMap":{"0":{"name":"(anonymous_0)","decl":{"start":{"line":11,"column":29},"end":{"line":11,"column":30}},"loc":{"start":{"line":11,"column":55},"end":{"line":42,"column":1}},"line":11},"1":{"name":"(anonymous_1)","decl":{"start":{"line":44,"column":21},"end":{"line":44,"column":22}},"loc":{"start":{"line":44,"column":33},"end":{"line":65,"column":4}},"line":44},"2":{"name":"(anonymous_2)","decl":{"start":{"line":44,"column":44},"end":{"line":44,"column":45}},"loc":{"start":{"line":44,"column":70},"end":{"line":65,"column":3}},"line":44},"3":{"name":"(anonymous_3)","decl":{"start":{"line":78,"column":36},"end":{"line":78,"column":37}},"loc":{"start":{"line":78,"column":59},"end":{"line":94,"column":3}},"line":78}},"branchMap":{"0":{"loc":{"start":{"line":15,"column":2},"end":{"line":15,"column":73}},"type":"if","locations":[{"start":{"line":15,"column":2},"end":{"line":15,"column":73}},{"start":{},"end":{}}],"line":15},"1":{"loc":{"start":{"line":19,"column":2},"end":{"line":21,"column":3}},"type":"if","locations":[{"start":{"line":19,"column":2},"end":{"line":21,"column":3}},{"start":{},"end":{}}],"line":19},"2":{"loc":{"start":{"line":19,"column":6},"end":{"line":19,"column":35}},"type":"binary-expr","locations":[{"start":{"line":19,"column":6},"end":{"line":19,"column":12}},{"start":{"line":19,"column":16},"end":{"line":19,"column":35}}],"line":19},"3":{"loc":{"start":{"line":25,"column":2},"end":{"line":27,"column":3}},"type":"if","locations":[{"start":{"line":25,"column":2},"end":{"line":27,"column":3}},{"start":{},"end":{}}],"line":25},"4":{"loc":{"start":{"line":35,"column":2},"end":{"line":37,"column":3}},"type":"if","locations":[{"start":{"line":35,"column":2},"end":{"line":37,"column":3}},{"start":{},"end":{}}],"line":35},"5":{"loc":{"start":{"line":50,"column":4},"end":{"line":62,"column":5}},"type":"if","locations":[{"start":{"line":50,"column":4},"end":{"line":62,"column":5}},{"start":{},"end":{}}],"line":50},"6":{"loc":{"start":{"line":52,"column":23},"end":{"line":52,"column":36}},"type":"default-arg","locations":[{"start":{"line":52,"column":32},"end":{"line":52,"column":36}}],"line":52},"7":{"loc":{"start":{"line":84,"column":4},"end":{"line":86,"column":5}},"type":"if","locations":[{"start":{"line":84,"column":4},"end":{"line":86,"column":5}},{"start":{},"end":{}}],"line":84},"8":{"loc":{"start":{"line":84,"column":8},"end":{"line":84,"column":52}},"type":"binary-expr","locations":[{"start":{"line":84,"column":8},"end":{"line":84,"column":28}},{"start":{"line":84,"column":32},"end":{"line":84,"column":52}}],"line":84},"9":{"loc":{"start":{"line":88,"column":4},"end":{"line":90,"column":5}},"type":"if","locations":[{"start":{"line":88,"column":4},"end":{"line":90,"column":5}},{"start":{},"end":{}}],"line":88}},"s":{"0":1,"1":1,"2":1,"3":1,"4":1,"5":1,"6":1,"7":1,"8":4,"9":4,"10":0,"11":4,"12":4,"13":0,"14":4,"15":4,"16":0,"17":4,"18":4,"19":0,"20":4,"21":4,"22":1,"23":0,"24":0,"25":0,"26":0,"27":0,"28":0,"29":0,"30":0,"31":1,"32":1,"33":3,"34":3,"35":3,"36":0,"37":3,"38":0,"39":3,"40":1},"f":{"0":4,"1":0,"2":0,"3":3},"b":{"0":[0,4],"1":[0,4],"2":[4,4],"3":[0,4],"4":[0,4],"5":[0,0],"6":[0],"7":[0,3],"8":[3,3],"9":[0,3]},"_coverageSchema":"1a1c01bbd47fc00a2c39e90264f33305004495a9","hash":"101b7a7c849bf4a788cf74a812b1230dab5e060f"}
,"C:\\Users\\USER\\Desktop\\CODE RENDERS\\QT\\url-shortener-backend\\src\\urls\\controllers\\urls.controllers.js": {"path":"C:\\Users\\USER\\Desktop\\CODE RENDERS\\QT\\url-shortener-backend\\src\\urls\\controllers\\urls.controllers.js","statementMap":{"0":{"start":{"line":1,"column":32},"end":{"line":1,"column":58}},"1":{"start":{"line":2,"column":19},"end":{"line":2,"column":52}},"2":{"start":{"line":3,"column":17},"end":{"line":3,"column":48}},"3":{"start":{"line":4,"column":21},"end":{"line":4,"column":52}},"4":{"start":{"line":5,"column":25},"end":{"line":5,"column":56}},"5":{"start":{"line":6,"column":23},"end":{"line":6,"column":38}},"6":{"start":{"line":7,"column":17},"end":{"line":7,"column":40}},"7":{"start":{"line":8,"column":23},"end":{"line":8,"column":58}},"8":{"start":{"line":11,"column":0},"end":{"line":11,"column":27}},"9":{"start":{"line":13,"column":26},"end":{"line":15,"column":1}},"10":{"start":{"line":14,"column":2},"end":{"line":14,"column":49}},"11":{"start":{"line":17,"column":19},"end":{"line":38,"column":2}},"12":{"start":{"line":19,"column":2},"end":{"line":21,"column":3}},"13":{"start":{"line":20,"column":6},"end":{"line":20,"column":50}},"14":{"start":{"line":23,"column":20},"end":{"line":23,"column":39}},"15":{"start":{"line":25,"column":23},"end":{"line":30,"column":4}},"16":{"start":{"line":32,"column":2},"end":{"line":37,"column":4}},"17":{"start":{"line":40,"column":15},"end":{"line":62,"column":1}},"18":{"start":{"line":42,"column":22},"end":{"line":54,"column":6}},"19":{"start":{"line":56,"column":4},"end":{"line":58,"column":5}},"20":{"start":{"line":57,"column":6},"end":{"line":57,"column":60}},"21":{"start":{"line":60,"column":4},"end":{"line":60,"column":59}},"22":{"start":{"line":64,"column":19},"end":{"line":94,"column":1}},"23":{"start":{"line":66,"column":23},"end":{"line":66,"column":44}},"24":{"start":{"line":68,"column":17},"end":{"line":73,"column":6}},"25":{"start":{"line":75,"column":4},"end":{"line":77,"column":5}},"26":{"start":{"line":76,"column":6},"end":{"line":76,"column":55}},"27":{"start":{"line":79,"column":15},"end":{"line":86,"column":6}},"28":{"start":{"line":88,"column":4},"end":{"line":88,"column":24}},"29":{"start":{"line":90,"column":4},"end":{"line":90,"column":29}},"30":{"start":{"line":92,"column":4},"end":{"line":92,"column":58}},"31":{"start":{"line":96,"column":18},"end":{"line":136,"column":1}},"32":{"start":{"line":98,"column":17},"end":{"line":103,"column":6}},"33":{"start":{"line":105,"column":4},"end":{"line":107,"column":5}},"34":{"start":{"line":106,"column":6},"end":{"line":106,"column":55}},"35":{"start":{"line":109,"column":25},"end":{"line":115,"column":6}},"36":{"start":{"line":117,"column":4},"end":{"line":119,"column":5}},"37":{"start":{"line":118,"column":6},"end":{"line":118,"column":67}},"38":{"start":{"line":121,"column":4},"end":{"line":132,"column":6}},"39":{"start":{"line":134,"column":4},"end":{"line":134,"column":56}},"40":{"start":{"line":138,"column":18},"end":{"line":179,"column":1}},"41":{"start":{"line":140,"column":17},"end":{"line":145,"column":6}},"42":{"start":{"line":147,"column":4},"end":{"line":149,"column":5}},"43":{"start":{"line":148,"column":6},"end":{"line":148,"column":55}},"44":{"start":{"line":151,"column":22},"end":{"line":157,"column":6}},"45":{"start":{"line":159,"column":4},"end":{"line":161,"column":5}},"46":{"start":{"line":160,"column":6},"end":{"line":160,"column":60}},"47":{"start":{"line":165,"column":4},"end":{"line":175,"column":6}},"48":{"start":{"line":177,"column":4},"end":{"line":177,"column":69}},"49":{"start":{"line":181,"column":30},"end":{"line":207,"column":1}},"50":{"start":{"line":184,"column":22},"end":{"line":189,"column":6}},"51":{"start":{"line":191,"column":4},"end":{"line":193,"column":5}},"52":{"start":{"line":192,"column":6},"end":{"line":192,"column":60}},"53":{"start":{"line":195,"column":4},"end":{"line":195,"column":46}},"54":{"start":{"line":197,"column":19},"end":{"line":197,"column":54}},"55":{"start":{"line":198,"column":23},"end":{"line":198,"column":59}},"56":{"start":{"line":200,"column":4},"end":{"line":203,"column":6}},"57":{"start":{"line":205,"column":4},"end":{"line":205,"column":37}},"58":{"start":{"line":209,"column":0},"end":{"line":216,"column":2}}},"fnMap":{"0":{"name":"(anonymous_0)","decl":{"start":{"line":13,"column":26},"end":{"line":13,"column":27}},"loc":{"start":{"line":13,"column":32},"end":{"line":15,"column":1}},"line":13},"1":{"name":"(anonymous_1)","decl":{"start":{"line":17,"column":30},"end":{"line":17,"column":31}},"loc":{"start":{"line":17,"column":75},"end":{"line":38,"column":1}},"line":17},"2":{"name":"(anonymous_2)","decl":{"start":{"line":41,"column":2},"end":{"line":41,"column":3}},"loc":{"start":{"line":41,"column":63},"end":{"line":61,"column":3}},"line":41},"3":{"name":"(anonymous_3)","decl":{"start":{"line":65,"column":2},"end":{"line":65,"column":3}},"loc":{"start":{"line":65,"column":75},"end":{"line":93,"column":3}},"line":65},"4":{"name":"(anonymous_4)","decl":{"start":{"line":97,"column":2},"end":{"line":97,"column":3}},"loc":{"start":{"line":97,"column":59},"end":{"line":135,"column":3}},"line":97},"5":{"name":"(anonymous_5)","decl":{"start":{"line":139,"column":2},"end":{"line":139,"column":3}},"loc":{"start":{"line":139,"column":59},"end":{"line":178,"column":3}},"line":139},"6":{"name":"(anonymous_6)","decl":{"start":{"line":182,"column":2},"end":{"line":182,"column":3}},"loc":{"start":{"line":182,"column":53},"end":{"line":206,"column":3}},"line":182}},"branchMap":{"0":{"loc":{"start":{"line":19,"column":2},"end":{"line":21,"column":3}},"type":"if","locations":[{"start":{"line":19,"column":2},"end":{"line":21,"column":3}},{"start":{},"end":{}}],"line":19},"1":{"loc":{"start":{"line":56,"column":4},"end":{"line":58,"column":5}},"type":"if","locations":[{"start":{"line":56,"column":4},"end":{"line":58,"column":5}},{"start":{},"end":{}}],"line":56},"2":{"loc":{"start":{"line":65,"column":34},"end":{"line":65,"column":45}},"type":"default-arg","locations":[{"start":{"line":65,"column":42},"end":{"line":65,"column":45}}],"line":65},"3":{"loc":{"start":{"line":65,"column":47},"end":{"line":65,"column":55}},"type":"default-arg","locations":[{"start":{"line":65,"column":54},"end":{"line":65,"column":55}}],"line":65},"4":{"loc":{"start":{"line":75,"column":4},"end":{"line":77,"column":5}},"type":"if","locations":[{"start":{"line":75,"column":4},"end":{"line":77,"column":5}},{"start":{},"end":{}}],"line":75},"5":{"loc":{"start":{"line":105,"column":4},"end":{"line":107,"column":5}},"type":"if","locations":[{"start":{"line":105,"column":4},"end":{"line":107,"column":5}},{"start":{},"end":{}}],"line":105},"6":{"loc":{"start":{"line":117,"column":4},"end":{"line":119,"column":5}},"type":"if","locations":[{"start":{"line":117,"column":4},"end":{"line":119,"column":5}},{"start":{},"end":{}}],"line":117},"7":{"loc":{"start":{"line":147,"column":4},"end":{"line":149,"column":5}},"type":"if","locations":[{"start":{"line":147,"column":4},"end":{"line":149,"column":5}},{"start":{},"end":{}}],"line":147},"8":{"loc":{"start":{"line":159,"column":4},"end":{"line":161,"column":5}},"type":"if","locations":[{"start":{"line":159,"column":4},"end":{"line":161,"column":5}},{"start":{},"end":{}}],"line":159},"9":{"loc":{"start":{"line":191,"column":4},"end":{"line":193,"column":5}},"type":"if","locations":[{"start":{"line":191,"column":4},"end":{"line":193,"column":5}},{"start":{},"end":{}}],"line":191},"10":{"loc":{"start":{"line":198,"column":23},"end":{"line":198,"column":59}},"type":"binary-expr","locations":[{"start":{"line":198,"column":23},"end":{"line":198,"column":46}},{"start":{"line":198,"column":50},"end":{"line":198,"column":59}}],"line":198}},"s":{"0":1,"1":1,"2":1,"3":1,"4":1,"5":1,"6":1,"7":1,"8":1,"9":1,"10":1,"11":1,"12":1,"13":0,"14":1,"15":1,"16":1,"17":1,"18":1,"19":1,"20":0,"21":1,"22":1,"23":1,"24":1,"25":1,"26":0,"27":1,"28":1,"29":1,"30":1,"31":1,"32":0,"33":0,"34":0,"35":0,"36":0,"37":0,"38":0,"39":0,"40":1,"41":0,"42":0,"43":0,"44":0,"45":0,"46":0,"47":0,"48":0,"49":1,"50":1,"51":1,"52":0,"53":1,"54":1,"55":1,"56":1,"57":1,"58":1},"f":{"0":1,"1":1,"2":1,"3":1,"4":0,"5":0,"6":1},"b":{"0":[0,1],"1":[0,1],"2":[1],"3":[1],"4":[0,1],"5":[0,0],"6":[0,0],"7":[0,0],"8":[0,0],"9":[0,1],"10":[1,1]},"_coverageSchema":"1a1c01bbd47fc00a2c39e90264f33305004495a9","hash":"54ea5df6a33af18e12853f628e1d2cf5c679ac4a"}
,"C:\\Users\\USER\\Desktop\\CODE RENDERS\\QT\\url-shortener-backend\\src\\urls\\routes\\urls.routes.js": {"path":"C:\\Users\\USER\\Desktop\\CODE RENDERS\\QT\\url-shortener-backend\\src\\urls\\routes\\urls.routes.js","statementMap":{"0":{"start":{"line":1,"column":16},"end":{"line":1,"column":34}},"1":{"start":{"line":10,"column":4},"end":{"line":10,"column":48}},"2":{"start":{"line":12,"column":37},"end":{"line":12,"column":65}},"3":{"start":{"line":14,"column":15},"end":{"line":14,"column":31}},"4":{"start":{"line":16,"column":0},"end":{"line":16,"column":59}},"5":{"start":{"line":18,"column":0},"end":{"line":18,"column":53}},"6":{"start":{"line":19,"column":0},"end":{"line":19,"column":66}},"7":{"start":{"line":26,"column":0},"end":{"line":26,"column":44}},"8":{"start":{"line":28,"column":0},"end":{"line":28,"column":24}}},"fnMap":{},"branchMap":{},"s":{"0":1,"1":1,"2":1,"3":1,"4":1,"5":1,"6":1,"7":1,"8":1},"f":{},"b":{},"_coverageSchema":"1a1c01bbd47fc00a2c39e90264f33305004495a9","hash":"3dd029006e0a8d11571145b48492723f3aa6157a"}
,"C:\\Users\\USER\\Desktop\\CODE RENDERS\\QT\\url-shortener-backend\\src\\users\\controllers\\users.controllers.js": {"path":"C:\\Users\\USER\\Desktop\\CODE RENDERS\\QT\\url-shortener-backend\\src\\users\\controllers\\users.controllers.js","statementMap":{"0":{"start":{"line":1,"column":17},"end":{"line":1,"column":43}},"1":{"start":{"line":2,"column":42},"end":{"line":2,"column":71}},"2":{"start":{"line":3,"column":12},"end":{"line":3,"column":35}},"3":{"start":{"line":4,"column":19},"end":{"line":4,"column":52}},"4":{"start":{"line":5,"column":17},"end":{"line":5,"column":48}},"5":{"start":{"line":6,"column":21},"end":{"line":6,"column":52}},"6":{"start":{"line":7,"column":25},"end":{"line":7,"column":56}},"7":{"start":{"line":9,"column":0},"end":{"line":9,"column":27}},"8":{"start":{"line":12,"column":2},"end":{"line":14,"column":5}},"9":{"start":{"line":17,"column":15},"end":{"line":37,"column":2}},"10":{"start":{"line":18,"column":15},"end":{"line":22,"column":4}},"11":{"start":{"line":24,"column":2},"end":{"line":26,"column":3}},"12":{"start":{"line":25,"column":4},"end":{"line":25,"column":63}},"13":{"start":{"line":28,"column":22},"end":{"line":32,"column":4}},"14":{"start":{"line":34,"column":58},"end":{"line":34,"column":80}},"15":{"start":{"line":36,"column":2},"end":{"line":36,"column":78}},"16":{"start":{"line":40,"column":14},"end":{"line":70,"column":2}},"17":{"start":{"line":41,"column":30},"end":{"line":41,"column":38}},"18":{"start":{"line":43,"column":15},"end":{"line":48,"column":4}},"19":{"start":{"line":50,"column":2},"end":{"line":52,"column":3}},"20":{"start":{"line":51,"column":4},"end":{"line":51,"column":58}},"21":{"start":{"line":54,"column":29},"end":{"line":54,"column":81}},"22":{"start":{"line":56,"column":2},"end":{"line":58,"column":3}},"23":{"start":{"line":57,"column":4},"end":{"line":57,"column":58}},"24":{"start":{"line":60,"column":22},"end":{"line":62,"column":4}},"25":{"start":{"line":64,"column":20},"end":{"line":64,"column":76}},"26":{"start":{"line":66,"column":2},"end":{"line":69,"column":5}},"27":{"start":{"line":74,"column":20},"end":{"line":94,"column":1}},"28":{"start":{"line":76,"column":18},"end":{"line":78,"column":5}},"29":{"start":{"line":80,"column":23},"end":{"line":80,"column":44}},"30":{"start":{"line":82,"column":16},"end":{"line":87,"column":6}},"31":{"start":{"line":89,"column":4},"end":{"line":89,"column":24}},"32":{"start":{"line":90,"column":4},"end":{"line":90,"column":31}},"33":{"start":{"line":92,"column":4},"end":{"line":92,"column":62}},"34":{"start":{"line":96,"column":16},"end":{"line":112,"column":2}},"35":{"start":{"line":98,"column":15},"end":{"line":104,"column":4}},"36":{"start":{"line":106,"column":2},"end":{"line":108,"column":3}},"37":{"start":{"line":107,"column":4},"end":{"line":107,"column":53}},"38":{"start":{"line":110,"column":2},"end":{"line":110,"column":56}},"39":{"start":{"line":116,"column":19},"end":{"line":142,"column":2}},"40":{"start":{"line":118,"column":15},"end":{"line":123,"column":4}},"41":{"start":{"line":125,"column":2},"end":{"line":127,"column":3}},"42":{"start":{"line":126,"column":4},"end":{"line":126,"column":53}},"43":{"start":{"line":129,"column":22},"end":{"line":135,"column":4}},"44":{"start":{"line":137,"column":53},"end":{"line":137,"column":78}},"45":{"start":{"line":139,"column":2},"end":{"line":139,"column":78}},"46":{"start":{"line":144,"column":19},"end":{"line":168,"column":2}},"47":{"start":{"line":146,"column":15},"end":{"line":150,"column":4}},"48":{"start":{"line":152,"column":2},"end":{"line":154,"column":3}},"49":{"start":{"line":153,"column":4},"end":{"line":153,"column":53}},"50":{"start":{"line":156,"column":2},"end":{"line":163,"column":4}},"51":{"start":{"line":165,"column":2},"end":{"line":165,"column":48}},"52":{"start":{"line":170,"column":0},"end":{"line":177,"column":2}}},"fnMap":{"0":{"name":"generateAccessToken","decl":{"start":{"line":11,"column":9},"end":{"line":11,"column":28}},"loc":{"start":{"line":11,"column":35},"end":{"line":15,"column":1}},"line":11},"1":{"name":"(anonymous_1)","decl":{"start":{"line":17,"column":26},"end":{"line":17,"column":27}},"loc":{"start":{"line":17,"column":57},"end":{"line":37,"column":1}},"line":17},"2":{"name":"(anonymous_2)","decl":{"start":{"line":40,"column":25},"end":{"line":40,"column":26}},"loc":{"start":{"line":40,"column":51},"end":{"line":70,"column":1}},"line":40},"3":{"name":"(anonymous_3)","decl":{"start":{"line":74,"column":31},"end":{"line":74,"column":32}},"loc":{"start":{"line":74,"column":89},"end":{"line":93,"column":3}},"line":74},"4":{"name":"(anonymous_4)","decl":{"start":{"line":96,"column":27},"end":{"line":96,"column":28}},"loc":{"start":{"line":96,"column":66},"end":{"line":112,"column":1}},"line":96},"5":{"name":"(anonymous_5)","decl":{"start":{"line":116,"column":30},"end":{"line":116,"column":31}},"loc":{"start":{"line":116,"column":77},"end":{"line":142,"column":1}},"line":116},"6":{"name":"(anonymous_6)","decl":{"start":{"line":144,"column":30},"end":{"line":144,"column":31}},"loc":{"start":{"line":144,"column":71},"end":{"line":168,"column":1}},"line":144}},"branchMap":{"0":{"loc":{"start":{"line":24,"column":2},"end":{"line":26,"column":3}},"type":"if","locations":[{"start":{"line":24,"column":2},"end":{"line":26,"column":3}},{"start":{},"end":{}}],"line":24},"1":{"loc":{"start":{"line":50,"column":2},"end":{"line":52,"column":3}},"type":"if","locations":[{"start":{"line":50,"column":2},"end":{"line":52,"column":3}},{"start":{},"end":{}}],"line":50},"2":{"loc":{"start":{"line":56,"column":2},"end":{"line":58,"column":3}},"type":"if","locations":[{"start":{"line":56,"column":2},"end":{"line":58,"column":3}},{"start":{},"end":{}}],"line":56},"3":{"loc":{"start":{"line":74,"column":49},"end":{"line":74,"column":59}},"type":"default-arg","locations":[{"start":{"line":74,"column":57},"end":{"line":74,"column":59}}],"line":74},"4":{"loc":{"start":{"line":74,"column":61},"end":{"line":74,"column":69}},"type":"default-arg","locations":[{"start":{"line":74,"column":68},"end":{"line":74,"column":69}}],"line":74},"5":{"loc":{"start":{"line":106,"column":2},"end":{"line":108,"column":3}},"type":"if","locations":[{"start":{"line":106,"column":2},"end":{"line":108,"column":3}},{"start":{},"end":{}}],"line":106},"6":{"loc":{"start":{"line":125,"column":2},"end":{"line":127,"column":3}},"type":"if","locations":[{"start":{"line":125,"column":2},"end":{"line":127,"column":3}},{"start":{},"end":{}}],"line":125},"7":{"loc":{"start":{"line":152,"column":2},"end":{"line":154,"column":3}},"type":"if","locations":[{"start":{"line":152,"column":2},"end":{"line":154,"column":3}},{"start":{},"end":{}}],"line":152}},"s":{"0":1,"1":1,"2":1,"3":1,"4":1,"5":1,"6":1,"7":1,"8":1,"9":1,"10":1,"11":1,"12":0,"13":1,"14":1,"15":1,"16":1,"17":1,"18":1,"19":1,"20":0,"21":1,"22":1,"23":0,"24":1,"25":1,"26":1,"27":1,"28":1,"29":1,"30":1,"31":1,"32":1,"33":1,"34":1,"35":0,"36":0,"37":0,"38":0,"39":1,"40":0,"41":0,"42":0,"43":0,"44":0,"45":0,"46":1,"47":0,"48":0,"49":0,"50":0,"51":0,"52":1},"f":{"0":1,"1":1,"2":1,"3":1,"4":0,"5":0,"6":0},"b":{"0":[0,1],"1":[0,1],"2":[0,1],"3":[1],"4":[1],"5":[0,0],"6":[0,0],"7":[0,0]},"_coverageSchema":"1a1c01bbd47fc00a2c39e90264f33305004495a9","hash":"df49c396fb781c57070c77b396f19591d820b15f"}
,"C:\\Users\\USER\\Desktop\\CODE RENDERS\\QT\\url-shortener-backend\\src\\users\\routes\\users.routes.js": {"path":"C:\\Users\\USER\\Desktop\\CODE RENDERS\\QT\\url-shortener-backend\\src\\users\\routes\\users.routes.js","statementMap":{"0":{"start":{"line":1,"column":16},"end":{"line":1,"column":34}},"1":{"start":{"line":10,"column":4},"end":{"line":10,"column":49}},"2":{"start":{"line":11,"column":22},"end":{"line":11,"column":50}},"3":{"start":{"line":13,"column":15},"end":{"line":13,"column":31}},"4":{"start":{"line":15,"column":0},"end":{"line":15,"column":38}},"5":{"start":{"line":16,"column":0},"end":{"line":16,"column":34}},"6":{"start":{"line":18,"column":0},"end":{"line":18,"column":46}},"7":{"start":{"line":20,"column":0},"end":{"line":24,"column":33}},"8":{"start":{"line":26,"column":0},"end":{"line":26,"column":24}}},"fnMap":{},"branchMap":{},"s":{"0":1,"1":1,"2":1,"3":1,"4":1,"5":1,"6":1,"7":1,"8":1},"f":{},"b":{},"_coverageSchema":"1a1c01bbd47fc00a2c39e90264f33305004495a9","hash":"3054c204cce47c2efc2f6981156cf1b2531e2aeb"}
,"C:\\Users\\USER\\Desktop\\CODE RENDERS\\QT\\url-shortener-backend\\src\\utils\\appError.js": {"path":"C:\\Users\\USER\\Desktop\\CODE RENDERS\\QT\\url-shortener-backend\\src\\utils\\appError.js","statementMap":{"0":{"start":{"line":3,"column":4},"end":{"line":3,"column":19}},"1":{"start":{"line":4,"column":4},"end":{"line":4,"column":33}},"2":{"start":{"line":5,"column":4},"end":{"line":5,"column":29}},"3":{"start":{"line":6,"column":4},"end":{"line":6,"column":30}},"4":{"start":{"line":10,"column":0},"end":{"line":10,"column":26}}},"fnMap":{"0":{"name":"(anonymous_0)","decl":{"start":{"line":2,"column":2},"end":{"line":2,"column":3}},"loc":{"start":{"line":2,"column":35},"end":{"line":7,"column":3}},"line":2}},"branchMap":{},"s":{"0":0,"1":0,"2":0,"3":0,"4":1},"f":{"0":0},"b":{},"_coverageSchema":"1a1c01bbd47fc00a2c39e90264f33305004495a9","hash":"3ca914fbef5085673b1919d6fd27b41522e38641"}
,"C:\\Users\\USER\\Desktop\\CODE RENDERS\\QT\\url-shortener-backend\\src\\utils\\auth.js": {"path":"C:\\Users\\USER\\Desktop\\CODE RENDERS\\QT\\url-shortener-backend\\src\\utils\\auth.js","statementMap":{"0":{"start":{"line":1,"column":15},"end":{"line":1,"column":34}},"1":{"start":{"line":2,"column":12},"end":{"line":2,"column":35}},"2":{"start":{"line":3,"column":0},"end":{"line":3,"column":27}},"3":{"start":{"line":5,"column":21},"end":{"line":21,"column":1}},"4":{"start":{"line":6,"column":2},"end":{"line":20,"column":5}},"5":{"start":{"line":7,"column":4},"end":{"line":19,"column":7}},"6":{"start":{"line":8,"column":6},"end":{"line":10,"column":7}},"7":{"start":{"line":9,"column":8},"end":{"line":9,"column":20}},"8":{"start":{"line":12,"column":6},"end":{"line":18,"column":9}},"9":{"start":{"line":13,"column":8},"end":{"line":15,"column":9}},"10":{"start":{"line":14,"column":10},"end":{"line":14,"column":22}},"11":{"start":{"line":17,"column":8},"end":{"line":17,"column":22}},"12":{"start":{"line":23,"column":24},"end":{"line":25,"column":1}},"13":{"start":{"line":24,"column":2},"end":{"line":24,"column":50}},"14":{"start":{"line":27,"column":0},"end":{"line":27,"column":51}}},"fnMap":{"0":{"name":"(anonymous_0)","decl":{"start":{"line":5,"column":21},"end":{"line":5,"column":22}},"loc":{"start":{"line":5,"column":35},"end":{"line":21,"column":1}},"line":5},"1":{"name":"(anonymous_1)","decl":{"start":{"line":6,"column":21},"end":{"line":6,"column":22}},"loc":{"start":{"line":6,"column":42},"end":{"line":20,"column":3}},"line":6},"2":{"name":"(anonymous_2)","decl":{"start":{"line":7,"column":59},"end":{"line":7,"column":60}},"loc":{"start":{"line":7,"column":74},"end":{"line":19,"column":5}},"line":7},"3":{"name":"(anonymous_3)","decl":{"start":{"line":12,"column":34},"end":{"line":12,"column":35}},"loc":{"start":{"line":12,"column":49},"end":{"line":18,"column":7}},"line":12},"4":{"name":"(anonymous_4)","decl":{"start":{"line":23,"column":24},"end":{"line":23,"column":25}},"loc":{"start":{"line":23,"column":54},"end":{"line":25,"column":1}},"line":23}},"branchMap":{"0":{"loc":{"start":{"line":8,"column":6},"end":{"line":10,"column":7}},"type":"if","locations":[{"start":{"line":8,"column":6},"end":{"line":10,"column":7}},{"start":{},"end":{}}],"line":8},"1":{"loc":{"start":{"line":13,"column":8},"end":{"line":15,"column":9}},"type":"if","locations":[{"start":{"line":13,"column":8},"end":{"line":15,"column":9}},{"start":{},"end":{}}],"line":13}},"s":{"0":1,"1":1,"2":1,"3":1,"4":1,"5":1,"6":1,"7":0,"8":1,"9":1,"10":0,"11":1,"12":1,"13":1,"14":1},"f":{"0":1,"1":1,"2":1,"3":1,"4":1},"b":{"0":[0,1],"1":[0,1]},"_coverageSchema":"1a1c01bbd47fc00a2c39e90264f33305004495a9","hash":"dac1c5bd93d5221c7b5cd86c714a0d63698ac1bc"}
,"C:\\Users\\USER\\Desktop\\CODE RENDERS\\QT\\url-shortener-backend\\src\\utils\\catchAsync.js": {"path":"C:\\Users\\USER\\Desktop\\CODE RENDERS\\QT\\url-shortener-backend\\src\\utils\\catchAsync.js","statementMap":{"0":{"start":{"line":1,"column":0},"end":{"line":5,"column":3}},"1":{"start":{"line":2,"column":4},"end":{"line":4,"column":5}},"2":{"start":{"line":3,"column":6},"end":{"line":3,"column":34}}},"fnMap":{"0":{"name":"(anonymous_0)","decl":{"start":{"line":1,"column":17},"end":{"line":1,"column":18}},"loc":{"start":{"line":1,"column":21},"end":{"line":5,"column":3}},"line":1},"1":{"name":"(anonymous_1)","decl":{"start":{"line":2,"column":11},"end":{"line":2,"column":12}},"loc":{"start":{"line":2,"column":27},"end":{"line":4,"column":5}},"line":2}},"branchMap":{},"s":{"0":1,"1":14,"2":14},"f":{"0":14,"1":14},"b":{},"_coverageSchema":"1a1c01bbd47fc00a2c39e90264f33305004495a9","hash":"1d4e7d59e4cd4de6e8b9e886e275909fd255a7be"}
,"C:\\Users\\USER\\Desktop\\CODE RENDERS\\QT\\url-shortener-backend\\src\\utils\\paginate.js": {"path":"C:\\Users\\USER\\Desktop\\CODE RENDERS\\QT\\url-shortener-backend\\src\\utils\\paginate.js","statementMap":{"0":{"start":{"line":8,"column":17},"end":{"line":23,"column":1}},"1":{"start":{"line":9,"column":17},"end":{"line":9,"column":51}},"2":{"start":{"line":10,"column":15},"end":{"line":10,"column":17}},"3":{"start":{"line":12,"column":2},"end":{"line":17,"column":3}},"4":{"start":{"line":13,"column":4},"end":{"line":16,"column":6}},"5":{"start":{"line":18,"column":2},"end":{"line":22,"column":4}},"6":{"start":{"line":25,"column":0},"end":{"line":25,"column":30}}},"fnMap":{"0":{"name":"(anonymous_0)","decl":{"start":{"line":8,"column":17},"end":{"line":8,"column":18}},"loc":{"start":{"line":8,"column":34},"end":{"line":23,"column":1}},"line":8}},"branchMap":{"0":{"loc":{"start":{"line":12,"column":2},"end":{"line":17,"column":3}},"type":"if","locations":[{"start":{"line":12,"column":2},"end":{"line":17,"column":3}},{"start":{},"end":{}}],"line":12}},"s":{"0":1,"1":2,"2":2,"3":2,"4":0,"5":2,"6":1},"f":{"0":2},"b":{"0":[0,2]},"_coverageSchema":"1a1c01bbd47fc00a2c39e90264f33305004495a9","hash":"dc33e7f35d419e98a395064cf2873ab82c41cfbb"}
,"C:\\Users\\USER\\Desktop\\CODE RENDERS\\QT\\url-shortener-backend\\src\\utils\\response.js": {"path":"C:\\Users\\USER\\Desktop\\CODE RENDERS\\QT\\url-shortener-backend\\src\\utils\\response.js","statementMap":{"0":{"start":{"line":1,"column":21},"end":{"line":6,"column":6}},"1":{"start":{"line":2,"column":4},"end":{"line":6,"column":6}},"2":{"start":{"line":8,"column":0},"end":{"line":8,"column":33}}},"fnMap":{"0":{"name":"(anonymous_0)","decl":{"start":{"line":1,"column":21},"end":{"line":1,"column":22}},"loc":{"start":{"line":2,"column":4},"end":{"line":6,"column":6}},"line":2}},"branchMap":{},"s":{"0":1,"1":6,"2":1},"f":{"0":6},"b":{},"_coverageSchema":"1a1c01bbd47fc00a2c39e90264f33305004495a9","hash":"781df5abb2ca6dc2c5c7a846b9d1c222c4f887bf"}
,"C:\\Users\\USER\\Desktop\\CODE RENDERS\\QT\\url-shortener-backend\\src\\utils\\urlValidator.js": {"path":"C:\\Users\\USER\\Desktop\\CODE RENDERS\\QT\\url-shortener-backend\\src\\utils\\urlValidator.js","statementMap":{"0":{"start":{"line":2,"column":2},"end":{"line":10,"column":3}},"1":{"start":{"line":7,"column":4},"end":{"line":7,"column":16}},"2":{"start":{"line":9,"column":4},"end":{"line":9,"column":17}},"3":{"start":{"line":15,"column":0},"end":{"line":17,"column":1}}},"fnMap":{"0":{"name":"isValidURL","decl":{"start":{"line":1,"column":9},"end":{"line":1,"column":19}},"loc":{"start":{"line":1,"column":25},"end":{"line":11,"column":1}},"line":1}},"branchMap":{"0":{"loc":{"start":{"line":2,"column":2},"end":{"line":10,"column":3}},"type":"if","locations":[{"start":{"line":2,"column":2},"end":{"line":10,"column":3}},{"start":{"line":8,"column":9},"end":{"line":10,"column":3}}],"line":2}},"s":{"0":1,"1":1,"2":0,"3":1},"f":{"0":1},"b":{"0":[1,0]},"_coverageSchema":"1a1c01bbd47fc00a2c39e90264f33305004495a9","hash":"dfa1d43a18fc0d1454564c08c7321fdb24964979"}
}
