TN:
SF:config\config.js
FNF:0
FNH:0
DA:1,1
DA:11,1
DA:13,1
LF:3
LH:3
BRF:0
BRH:0
end_of_record
TN:
SF:models\analytics.js
FN:3,(anonymous_0)
FN:5,(anonymous_1)
FNF:2
FNH:2
FNDA:1,(anonymous_0)
FNDA:1,(anonymous_1)
DA:2,1
DA:3,1
DA:6,1
DA:9,1
DA:50,1
LF:5
LH:5
BRF:0
BRH:0
end_of_record
TN:
SF:models\index.js
FN:21,(anonymous_0)
FN:29,(anonymous_1)
FN:34,(anonymous_2)
FNF:3
FNH:3
FNDA:4,(anonymous_0)
FNDA:3,(anonymous_1)
FNDA:3,(anonymous_2)
DA:3,1
DA:4,1
DA:5,1
DA:6,1
DA:7,1
DA:8,1
DA:9,1
DA:10,1
DA:13,1
DA:14,0
DA:16,1
DA:19,1
DA:22,4
DA:30,3
DA:31,3
DA:34,1
DA:35,3
DA:36,3
DA:40,1
DA:41,1
DA:43,1
LF:21
LH:20
BRDA:8,0,0,1
BRDA:8,0,1,0
BRDA:13,1,0,0
BRDA:13,1,1,1
BRDA:23,2,0,4
BRDA:23,2,1,4
BRDA:23,2,2,3
BRDA:23,2,3,3
BRDA:35,3,0,3
BRDA:35,3,1,0
BRF:10
BRH:7
end_of_record
TN:
SF:models\url.js
FN:3,(anonymous_0)
FN:5,(anonymous_1)
FNF:2
FNH:2
FNDA:1,(anonymous_0)
FNDA:1,(anonymous_1)
DA:2,1
DA:3,1
DA:6,1
DA:7,1
DA:10,1
DA:64,1
LF:6
LH:6
BRF:0
BRH:0
end_of_record
TN:
SF:models\user.js
FN:3,(anonymous_0)
FN:5,(anonymous_1)
FNF:2
FNH:2
FNDA:1,(anonymous_0)
FNDA:1,(anonymous_1)
DA:2,1
DA:3,1
DA:6,1
DA:9,1
DA:47,1
LF:5
LH:5
BRF:0
BRH:0
end_of_record
TN:
SF:src\app.js
FN:31,(anonymous_0)
FN:39,(anonymous_1)
FN:50,(anonymous_2)
FNF:3
FNH:1
FNDA:1,(anonymous_0)
FNDA:0,(anonymous_1)
FNDA:0,(anonymous_2)
DA:1,1
DA:2,1
DA:3,1
DA:4,1
DA:6,1
DA:7,1
DA:9,1
DA:10,1
DA:11,1
DA:12,1
DA:14,1
DA:16,1
DA:23,1
DA:25,1
DA:27,1
DA:29,1
DA:31,1
DA:33,1
DA:34,1
DA:35,1
DA:39,1
DA:40,0
DA:47,1
DA:48,1
DA:50,1
DA:51,0
DA:54,1
DA:56,1
LF:28
LH:26
BRF:0
BRH:0
end_of_record
TN:
SF:src\errorController\errorController.js
FN:1,(anonymous_0)
FNF:1
FNH:0
FNDA:0,(anonymous_0)
DA:1,1
DA:2,0
DA:3,0
DA:4,0
DA:5,0
LF:5
LH:1
BRDA:2,0,0,0
BRDA:2,0,1,0
BRDA:3,1,0,0
BRDA:3,1,1,0
BRDA:4,2,0,0
BRDA:4,2,1,0
BRF:6
BRH:0
end_of_record
TN:
SF:src\middlewares\index.js
FN:11,(anonymous_0)
FN:44,(anonymous_1)
FN:44,(anonymous_2)
FN:78,(anonymous_3)
FNF:4
FNH:2
FNDA:4,(anonymous_0)
FNDA:0,(anonymous_1)
FNDA:0,(anonymous_2)
FNDA:3,(anonymous_3)
DA:1,1
DA:2,1
DA:3,1
DA:4,1
DA:5,1
DA:6,1
DA:9,1
DA:11,1
DA:13,4
DA:15,4
DA:17,4
DA:19,4
DA:20,0
DA:23,4
DA:25,4
DA:26,0
DA:29,4
DA:35,4
DA:36,0
DA:39,4
DA:41,4
DA:44,1
DA:46,0
DA:48,0
DA:50,0
DA:52,0
DA:54,0
DA:56,0
DA:64,0
DA:68,1
DA:78,1
DA:80,3
DA:82,3
DA:84,3
DA:85,0
DA:88,3
DA:89,0
DA:92,3
DA:97,1
LF:39
LH:27
BRDA:15,0,0,0
BRDA:15,0,1,4
BRDA:19,1,0,0
BRDA:19,1,1,4
BRDA:19,2,0,4
BRDA:19,2,1,4
BRDA:25,3,0,0
BRDA:25,3,1,4
BRDA:35,4,0,0
BRDA:35,4,1,4
BRDA:50,5,0,0
BRDA:50,5,1,0
BRDA:52,6,0,0
BRDA:84,7,0,0
BRDA:84,7,1,3
BRDA:84,8,0,3
BRDA:84,8,1,3
BRDA:88,9,0,0
BRDA:88,9,1,3
BRF:19
BRH:10
end_of_record
TN:
SF:src\urls\controllers\urls.controllers.js
FN:13,(anonymous_0)
FN:17,(anonymous_1)
FN:41,(anonymous_2)
FN:65,(anonymous_3)
FN:97,(anonymous_4)
FN:139,(anonymous_5)
FN:182,(anonymous_6)
FNF:7
FNH:5
FNDA:1,(anonymous_0)
FNDA:1,(anonymous_1)
FNDA:1,(anonymous_2)
FNDA:1,(anonymous_3)
FNDA:0,(anonymous_4)
FNDA:0,(anonymous_5)
FNDA:1,(anonymous_6)
DA:1,1
DA:2,1
DA:3,1
DA:4,1
DA:5,1
DA:6,1
DA:7,1
DA:8,1
DA:11,1
DA:13,1
DA:14,1
DA:17,1
DA:19,1
DA:20,0
DA:23,1
DA:25,1
DA:32,1
DA:40,1
DA:42,1
DA:56,1
DA:57,0
DA:60,1
DA:64,1
DA:66,1
DA:68,1
DA:75,1
DA:76,0
DA:79,1
DA:88,1
DA:90,1
DA:92,1
DA:96,1
DA:98,0
DA:105,0
DA:106,0
DA:109,0
DA:117,0
DA:118,0
DA:121,0
DA:134,0
DA:138,1
DA:140,0
DA:147,0
DA:148,0
DA:151,0
DA:159,0
DA:160,0
DA:165,0
DA:177,0
DA:181,1
DA:184,1
DA:191,1
DA:192,0
DA:195,1
DA:197,1
DA:198,1
DA:200,1
DA:205,1
DA:209,1
LF:59
LH:39
BRDA:19,0,0,0
BRDA:19,0,1,1
BRDA:56,1,0,0
BRDA:56,1,1,1
BRDA:65,2,0,1
BRDA:65,3,0,1
BRDA:75,4,0,0
BRDA:75,4,1,1
BRDA:105,5,0,0
BRDA:105,5,1,0
BRDA:117,6,0,0
BRDA:117,6,1,0
BRDA:147,7,0,0
BRDA:147,7,1,0
BRDA:159,8,0,0
BRDA:159,8,1,0
BRDA:191,9,0,0
BRDA:191,9,1,1
BRDA:198,10,0,1
BRDA:198,10,1,1
BRF:20
BRH:8
end_of_record
TN:
SF:src\urls\routes\urls.routes.js
FNF:0
FNH:0
DA:1,1
DA:10,1
DA:12,1
DA:14,1
DA:16,1
DA:18,1
DA:19,1
DA:26,1
DA:28,1
LF:9
LH:9
BRF:0
BRH:0
end_of_record
TN:
SF:src\users\controllers\users.controllers.js
FN:11,generateAccessToken
FN:17,(anonymous_1)
FN:40,(anonymous_2)
FN:74,(anonymous_3)
FN:96,(anonymous_4)
FN:116,(anonymous_5)
FN:144,(anonymous_6)
FNF:7
FNH:4
FNDA:1,generateAccessToken
FNDA:1,(anonymous_1)
FNDA:1,(anonymous_2)
FNDA:1,(anonymous_3)
FNDA:0,(anonymous_4)
FNDA:0,(anonymous_5)
FNDA:0,(anonymous_6)
DA:1,1
DA:2,1
DA:3,1
DA:4,1
DA:5,1
DA:6,1
DA:7,1
DA:9,1
DA:12,1
DA:17,1
DA:18,1
DA:24,1
DA:25,0
DA:28,1
DA:34,1
DA:36,1
DA:40,1
DA:41,1
DA:43,1
DA:50,1
DA:51,0
DA:54,1
DA:56,1
DA:57,0
DA:60,1
DA:64,1
DA:66,1
DA:74,1
DA:76,1
DA:80,1
DA:82,1
DA:89,1
DA:90,1
DA:92,1
DA:96,1
DA:98,0
DA:106,0
DA:107,0
DA:110,0
DA:116,1
DA:118,0
DA:125,0
DA:126,0
DA:129,0
DA:137,0
DA:139,0
DA:144,1
DA:146,0
DA:152,0
DA:153,0
DA:156,0
DA:165,0
DA:170,1
LF:53
LH:35
BRDA:24,0,0,0
BRDA:24,0,1,1
BRDA:50,1,0,0
BRDA:50,1,1,1
BRDA:56,2,0,0
BRDA:56,2,1,1
BRDA:74,3,0,1
BRDA:74,4,0,1
BRDA:106,5,0,0
BRDA:106,5,1,0
BRDA:125,6,0,0
BRDA:125,6,1,0
BRDA:152,7,0,0
BRDA:152,7,1,0
BRF:14
BRH:5
end_of_record
TN:
SF:src\users\routes\users.routes.js
FNF:0
FNH:0
DA:1,1
DA:10,1
DA:11,1
DA:13,1
DA:15,1
DA:16,1
DA:18,1
DA:20,1
DA:26,1
LF:9
LH:9
BRF:0
BRH:0
end_of_record
TN:
SF:src\utils\appError.js
FN:2,(anonymous_0)
FNF:1
FNH:0
FNDA:0,(anonymous_0)
DA:3,0
DA:4,0
DA:5,0
DA:6,0
DA:10,1
LF:5
LH:1
BRF:0
BRH:0
end_of_record
TN:
SF:src\utils\auth.js
FN:5,(anonymous_0)
FN:6,(anonymous_1)
FN:7,(anonymous_2)
FN:12,(anonymous_3)
FN:23,(anonymous_4)
FNF:5
FNH:5
FNDA:1,(anonymous_0)
FNDA:1,(anonymous_1)
FNDA:1,(anonymous_2)
FNDA:1,(anonymous_3)
FNDA:1,(anonymous_4)
DA:1,1
DA:2,1
DA:3,1
DA:5,1
DA:6,1
DA:7,1
DA:8,1
DA:9,0
DA:12,1
DA:13,1
DA:14,0
DA:17,1
DA:23,1
DA:24,1
DA:27,1
LF:15
LH:13
BRDA:8,0,0,0
BRDA:8,0,1,1
BRDA:13,1,0,0
BRDA:13,1,1,1
BRF:4
BRH:2
end_of_record
TN:
SF:src\utils\catchAsync.js
FN:1,(anonymous_0)
FN:2,(anonymous_1)
FNF:2
FNH:2
FNDA:14,(anonymous_0)
FNDA:14,(anonymous_1)
DA:1,1
DA:2,14
DA:3,14
LF:3
LH:3
BRF:0
BRH:0
end_of_record
TN:
SF:src\utils\paginate.js
FN:8,(anonymous_0)
FNF:1
FNH:1
FNDA:2,(anonymous_0)
DA:8,1
DA:9,2
DA:10,2
DA:12,2
DA:13,0
DA:18,2
DA:25,1
LF:7
LH:6
BRDA:12,0,0,0
BRDA:12,0,1,2
BRF:2
BRH:1
end_of_record
TN:
SF:src\utils\response.js
FN:1,(anonymous_0)
FNF:1
FNH:1
FNDA:6,(anonymous_0)
DA:1,1
DA:2,6
DA:8,1
LF:3
LH:3
BRF:0
BRH:0
end_of_record
TN:
SF:src\utils\urlValidator.js
FN:1,isValidURL
FNF:1
FNH:1
FNDA:1,isValidURL
DA:2,1
DA:7,1
DA:9,0
DA:15,1
LF:4
LH:3
BRDA:2,0,0,1
BRDA:2,0,1,0
BRF:2
BRH:1
end_of_record
